Change Physical Footprint: Designator=300 Old Footprint=IC_STM32FM New Footprint=IC_STM32FM
Change Physical Footprint: Designator=301 Old Footprint=CONN_ST_PROGRAMMER New Footprint=CONN_ST_PROGRAMMER
Change Physical Footprint: Designator=800 Old Footprint=IC_ MCP2221 New Footprint=IC_ MCP2221
Change Physical Footprint: Designator=C1 Old Footprint=CAP_0805 New Footprint=CAP_0805
Change Physical Footprint: Designator=C2 Old Footprint=CAP_0805 New Footprint=CAP_0805
Change Physical Footprint: Designator=C3 Old Footprint=CAP_0805 New Footprint=CAP_0805
Change Physical Footprint: Designator=C4 Old Footprint=CAP_0805 New Footprint=CAP_0805
Change Physical Footprint: Designator=C5 Old Footprint=CAP_0805 New Footprint=CAP_0805
Change Physical Footprint: Designator=C6 Old Footprint=CAP_0805 New Footprint=CAP_0805
Change Physical Footprint: Designator=C7 Old Footprint=CAP_0805 New Footprint=CAP_0805
Change Physical Footprint: Designator=C8 Old Footprint=CAP_0805 New Footprint=CAP_0805
Change Physical Footprint: Designator=C9 Old Footprint=CAP_0805 New Footprint=CAP_0805
Change Physical Footprint: Designator=C10 Old Footprint=CAP_0805 New Footprint=CAP_0805
Change Physical Footprint: Designator=C11 Old Footprint=CAP_0805 New Footprint=CAP_0805
Change Physical Footprint: Designator=C12 Old Footprint=CAP_0805 New Footprint=CAP_0805
Change Physical Footprint: Designator=C13 Old Footprint=CAP_0805 New Footprint=CAP_0805
Change Physical Footprint: Designator=C14 Old Footprint=CAP_0805 New Footprint=CAP_0805
Change Physical Footprint: Designator=C15 Old Footprint=CAP_0805 New Footprint=CAP_0805
Change Physical Footprint: Designator=C16 Old Footprint=CAP_0805 New Footprint=CAP_0805
Change Physical Footprint: Designator=C17 Old Footprint=CAP_0805 New Footprint=CAP_0805
Change Physical Footprint: Designator=C18 Old Footprint=CAP_0805 New Footprint=CAP_0805
Change Physical Footprint: Designator=C19 Old Footprint=CAP_0805 New Footprint=CAP_0805
Change Physical Footprint: Designator=C20 Old Footprint=CAP_0805 New Footprint=CAP_0805
Change Physical Footprint: Designator=C21 Old Footprint=CAP_0805 New Footprint=CAP_0805
Change Physical Footprint: Designator=C22 Old Footprint=CAP_0805 New Footprint=CAP_0805
Change Physical Footprint: Designator=C23 Old Footprint=CAP_0805 New Footprint=CAP_0805
Change Physical Footprint: Designator=C24 Old Footprint=CAP_0805 New Footprint=CAP_0805
Change Physical Footprint: Designator=C25 Old Footprint=CAP_0805 New Footprint=CAP_0805
Change Physical Footprint: Designator=C26 Old Footprint=CAP_0805 New Footprint=CAP_0805
Change Physical Footprint: Designator=C27 Old Footprint=CAP_0805 New Footprint=CAP_0805
Change Physical Footprint: Designator=C28 Old Footprint=CAP_0805 New Footprint=CAP_0805
Change Physical Footprint: Designator=C200 Old Footprint=CAP_0805 New Footprint=CAP_0805
Change Physical Footprint: Designator=C201 Old Footprint=CAP_0805 New Footprint=CAP_0805
Change Physical Footprint: Designator=C300 Old Footprint=CAP_0805 New Footprint=CAP_0805
Change Physical Footprint: Designator=C301 Old Footprint=CAP_0805 New Footprint=CAP_0805
Change Physical Footprint: Designator=C302 Old Footprint=CAP_0805 New Footprint=CAP_0805
Change Physical Footprint: Designator=C303 Old Footprint=CAP_0805 New Footprint=CAP_0805
Change Physical Footprint: Designator=C304 Old Footprint=CAP_0805 New Footprint=CAP_0805
Change Physical Footprint: Designator=C400 Old Footprint=CAP_0805 New Footprint=CAP_0805
Change Physical Footprint: Designator=C401 Old Footprint=CAP_0805 New Footprint=CAP_0805
Change Physical Footprint: Designator=C402 Old Footprint=CAP_0805 New Footprint=CAP_0805
Change Physical Footprint: Designator=C403 Old Footprint=CAP_0805 New Footprint=CAP_0805
Change Physical Footprint: Designator=C404 Old Footprint=CAP_0805 New Footprint=CAP_0805
Change Physical Footprint: Designator=C405 Old Footprint=CAP_0805 New Footprint=CAP_0805
Change Physical Footprint: Designator=C406 Old Footprint=CAP_0805 New Footprint=CAP_0805
Change Physical Footprint: Designator=C407 Old Footprint=CAP_0805 New Footprint=CAP_0805
Change Physical Footprint: Designator=C408 Old Footprint=CAP_0805 New Footprint=CAP_0805
Change Physical Footprint: Designator=C409 Old Footprint=CAP_0805 New Footprint=CAP_0805
Change Physical Footprint: Designator=C410 Old Footprint=CAP_0805 New Footprint=CAP_0805
Change Physical Footprint: Designator=C411 Old Footprint=CAP_0805 New Footprint=CAP_0805
Change Physical Footprint: Designator=C412 Old Footprint=CAP_0805 New Footprint=CAP_0805
Change Physical Footprint: Designator=C413 Old Footprint=CAP_0805 New Footprint=CAP_0805
Change Physical Footprint: Designator=C414 Old Footprint=CAP_0805 New Footprint=CAP_0805
Change Physical Footprint: Designator=C415 Old Footprint=CAP_0805 New Footprint=CAP_0805
Change Physical Footprint: Designator=C416 Old Footprint=CAP_0805 New Footprint=CAP_0805
Change Physical Footprint: Designator=C417 Old Footprint=CAP_0805 New Footprint=CAP_0805
Change Physical Footprint: Designator=C418 Old Footprint=CAP_0805 New Footprint=CAP_0805
Change Physical Footprint: Designator=C800 Old Footprint=CAP_0805 New Footprint=CAP_0805
Change Physical Footprint: Designator=C801 Old Footprint=CAP_0805 New Footprint=CAP_0805
Change Physical Footprint: Designator=D300 Old Footprint=LED_RED_0805 New Footprint=LED_RED_0805
Change Physical Footprint: Designator=D700 Old Footprint=SOD323-12 New Footprint=SOD323-12
Change Physical Footprint: Designator=J800 Old Footprint=FCI_10118192 New Footprint=FCI_10118192
Change Physical Footprint: Designator=MH200 Old Footprint=MHOLE_2_55MM New Footprint=MHOLE_2_55MM
Change Physical Footprint: Designator=MH201 Old Footprint=MHOLE_2_55MM New Footprint=MHOLE_2_55MM
Change Physical Footprint: Designator=MH202 Old Footprint=MHOLE_2_55MM New Footprint=MHOLE_2_55MM
Change Physical Footprint: Designator=MH203 Old Footprint=MHOLE_2_55MM New Footprint=MHOLE_2_55MM
Change Physical Footprint: Designator=MH204 Old Footprint=MHOLE_2_55MM New Footprint=MHOLE_2_55MM
Change Physical Footprint: Designator=PZ700 Old Footprint=PKLCS New Footprint=PKLCS
Change Physical Footprint: Designator=R300 Old Footprint=RES_0805 New Footprint=RES_0805
Change Physical Footprint: Designator=R301 Old Footprint=RES_0805 New Footprint=RES_0805
Change Physical Footprint: Designator=R302 Old Footprint=RES_0805 New Footprint=RES_0805
Change Physical Footprint: Designator=R303 Old Footprint=RES_0805 New Footprint=RES_0805
Change Physical Footprint: Designator=R700 Old Footprint=RES_0805 New Footprint=RES_0805
Change Physical Footprint: Designator=S800 Old Footprint=DPDT New Footprint=DPDT
Change Physical Footprint: Designator=TP200 Old Footprint=TP-SMC-1206 New Footprint=TP-SMC-1206
Change Physical Footprint: Designator=TP201 Old Footprint=TP-SMC-1206 New Footprint=TP-SMC-1206
Change Physical Footprint: Designator=TP700 Old Footprint=TP-SMC-1206 New Footprint=TP-SMC-1206
Change Physical Footprint: Designator=TP_800 Old Footprint=TP-SMC-1206 New Footprint=TP-SMC-1206
Change Physical Footprint: Designator=TP_801 Old Footprint=TP-SMC-1206 New Footprint=TP-SMC-1206
Change Physical Footprint: Designator=U1 Old Footprint=APA102C New Footprint=APA102C
Change Physical Footprint: Designator=U2 Old Footprint=APA102C New Footprint=APA102C
Change Physical Footprint: Designator=U3 Old Footprint=APA102C New Footprint=APA102C
Change Physical Footprint: Designator=U4 Old Footprint=APA102C New Footprint=APA102C
Change Physical Footprint: Designator=U5 Old Footprint=APA102C New Footprint=APA102C
Change Physical Footprint: Designator=U6 Old Footprint=APA102C New Footprint=APA102C
Change Physical Footprint: Designator=U7 Old Footprint=APA102C New Footprint=APA102C
Change Physical Footprint: Designator=U8 Old Footprint=APA102C New Footprint=APA102C
Change Physical Footprint: Designator=U9 Old Footprint=APA102C New Footprint=APA102C
Change Physical Footprint: Designator=U10 Old Footprint=APA102C New Footprint=APA102C
Change Physical Footprint: Designator=U11 Old Footprint=APA102C New Footprint=APA102C
Change Physical Footprint: Designator=U12 Old Footprint=APA102C New Footprint=APA102C
Change Physical Footprint: Designator=U13 Old Footprint=APA102C New Footprint=APA102C
Change Physical Footprint: Designator=U14 Old Footprint=APA102C New Footprint=APA102C
Change Physical Footprint: Designator=U15 Old Footprint=APA102C New Footprint=APA102C
Change Physical Footprint: Designator=U16 Old Footprint=APA102C New Footprint=APA102C
Change Physical Footprint: Designator=U17 Old Footprint=APA102C New Footprint=APA102C
Change Physical Footprint: Designator=U18 Old Footprint=APA102C New Footprint=APA102C
Change Physical Footprint: Designator=U19 Old Footprint=APA102C New Footprint=APA102C
Change Physical Footprint: Designator=U20 Old Footprint=APA102C New Footprint=APA102C
Change Physical Footprint: Designator=U21 Old Footprint=APA102C New Footprint=APA102C
Change Physical Footprint: Designator=U22 Old Footprint=APA102C New Footprint=APA102C
Change Physical Footprint: Designator=U23 Old Footprint=APA102C New Footprint=APA102C
Change Physical Footprint: Designator=U24 Old Footprint=APA102C New Footprint=APA102C
Change Physical Footprint: Designator=U25 Old Footprint=APA102C New Footprint=APA102C
Change Physical Footprint: Designator=U26 Old Footprint=APA102C New Footprint=APA102C
Change Physical Footprint: Designator=U27 Old Footprint=APA102C New Footprint=APA102C
Change Physical Footprint: Designator=U28 Old Footprint=APA102C New Footprint=APA102C
Change Physical Footprint: Designator=U200 Old Footprint=IC_TLV73333PDBVR New Footprint=IC_TLV73333PDBVR
Change Physical Footprint: Designator=U300 Old Footprint=SW_6MM_6MM_SMT New Footprint=SW_6mm_6mm_SMT
Change Physical Footprint: Designator=U301 Old Footprint=SW_6MM_6MM_SMT New Footprint=SW_6mm_6mm_SMT
Change Physical Footprint: Designator=U400 Old Footprint=APA102C New Footprint=APA102C
Change Physical Footprint: Designator=U401 Old Footprint=APA102C New Footprint=APA102C
Change Physical Footprint: Designator=U402 Old Footprint=APA102C New Footprint=APA102C
Change Physical Footprint: Designator=U403 Old Footprint=APA102C New Footprint=APA102C
Change Physical Footprint: Designator=U404 Old Footprint=APA102C New Footprint=APA102C
Change Physical Footprint: Designator=U405 Old Footprint=APA102C New Footprint=APA102C
Change Physical Footprint: Designator=U406 Old Footprint=APA102C New Footprint=APA102C
Change Physical Footprint: Designator=U407 Old Footprint=APA102C New Footprint=APA102C
Change Physical Footprint: Designator=U408 Old Footprint=APA102C New Footprint=APA102C
Change Physical Footprint: Designator=U409 Old Footprint=APA102C New Footprint=APA102C
Change Physical Footprint: Designator=U410 Old Footprint=APA102C New Footprint=APA102C
Change Physical Footprint: Designator=U411 Old Footprint=APA102C New Footprint=APA102C
Change Physical Footprint: Designator=U412 Old Footprint=APA102C New Footprint=APA102C
Change Physical Footprint: Designator=U413 Old Footprint=APA102C New Footprint=APA102C
Change Physical Footprint: Designator=U414 Old Footprint=APA102C New Footprint=APA102C
Change Physical Footprint: Designator=U415 Old Footprint=APA102C New Footprint=APA102C
Change Physical Footprint: Designator=U416 Old Footprint=APA102C New Footprint=APA102C
Change Physical Footprint: Designator=U417 Old Footprint=APA102C New Footprint=APA102C
Change Physical Footprint: Designator=U418 Old Footprint=APA102C New Footprint=APA102C
Change Physical Footprint: Designator=X300 Old Footprint=NX3215SA-32.768K-STD-MUA-8 New Footprint=NX3215SA-32.768K-STD-MUA-8
